\BOOKMARK [0][-]{chapter*.1}{Abstract}{}% 1
\BOOKMARK [0][-]{chapter*.2}{Preface}{}% 2
\BOOKMARK [0][-]{chapter*.3}{Table of Contents}{}% 3
\BOOKMARK [0][-]{chapter*.4}{List of Tables}{}% 4
\BOOKMARK [0][-]{chapter*.5}{List of Figures}{}% 5
\BOOKMARK [0][-]{chapter*.6}{Glossary}{}% 6
\BOOKMARK [0][-]{chapter*.7}{Acknowledgments}{}% 7
\BOOKMARK [0][-]{chapter.1}{1 Introduction}{}% 8
\BOOKMARK [1][-]{section.1.1}{1.1 Ultracold atoms and molecules}{chapter.1}% 9
\BOOKMARK [0][-]{chapter.2}{2 Background material}{}% 10
\BOOKMARK [1][-]{section.2.1}{2.1 Diatomic molecule in DC field}{chapter.2}% 11
\BOOKMARK [1][-]{section.2.2}{2.2 Diatomic molecule in AC field}{chapter.2}% 12
\BOOKMARK [1][-]{section.2.3}{2.3 Introduction to exciton}{chapter.2}% 13
\BOOKMARK [1][-]{section.2.4}{2.4 Review of angular momentum theory}{chapter.2}% 14
\BOOKMARK [1][-]{section.2.5}{2.5 Dipole-dipole interaction}{chapter.2}% 15
\BOOKMARK [0][-]{chapter.3}{3 Tunable exciton interactions in optical lattices with polar molecules}{}% 16
\BOOKMARK [1][-]{section.3.1}{3.1 \040Introduction}{chapter.3}% 17
\BOOKMARK [1][-]{section.3.2}{3.2 Exciton\205exciton interactions in an optical lattice}{chapter.3}% 18
\BOOKMARK [1][-]{section.3.3}{3.3 Biexcitons}{chapter.3}% 19
\BOOKMARK [2][-]{subsection.3.3.1}{3.3.1 Method to calculate biexciton energies}{section.3.3}% 20
\BOOKMARK [2][-]{subsection.3.3.2}{3.3.2 Analytical derivation of biexciton wavefunction}{section.3.3}% 21
\BOOKMARK [2][-]{subsection.3.3.3}{3.3.3 Properties of biexciton states}{section.3.3}% 22
\BOOKMARK [1][-]{section.3.4}{3.4 Non-optical creation of biexcitons}{chapter.3}% 23
\BOOKMARK [1][-]{section.3.5}{3.5 Extension to exciton trimers}{chapter.3}% 24
\BOOKMARK [1][-]{section.3.6}{3.6 Discussion}{chapter.3}% 25
\BOOKMARK [0][-]{chapter.4}{4 Non-adiabatic control of quantum energy transfer in ordered and disordered arrays}{}% 26
\BOOKMARK [1][-]{section.4.1}{4.1 Introduction}{chapter.4}% 27
\BOOKMARK [1][-]{section.4.2}{4.2 Sudden phase transformation}{chapter.4}% 28
\BOOKMARK [2][-]{subsection.4.2.1}{4.2.1 Group velocity of wavepacket}{section.4.2}% 29
\BOOKMARK [1][-]{section.4.3}{4.3 Focusing of a delocalized excitation}{chapter.4}% 30
\BOOKMARK [1][-]{section.4.4}{4.4 Controlled excitations of ultracold atoms and molecules}{chapter.4}% 31
\BOOKMARK [1][-]{section.4.5}{4.5 Control of energy transfer in dipolar systems}{chapter.4}% 32
\BOOKMARK [1][-]{section.4.6}{4.6 Energy transfer in the presence of vacancies}{chapter.4}% 33
\BOOKMARK [1][-]{section.4.7}{4.7 Focusing in the presence of strong disorder}{chapter.4}% 34
\BOOKMARK [1][-]{section.4.8}{4.8 Conclusion}{chapter.4}% 35
\BOOKMARK [0][-]{chapter*.23}{Bibliography}{}% 36
\BOOKMARK [0][-]{appendix.A}{A Supporting Materials}{}% 37
